<?xml version="1.0" encoding="UTF-8"?>
<testng-results ignored="0" total="1" passed="1" failed="0" skipped="0">
  <reporter-output>
  </reporter-output>
  <suite started-at="2022-03-21T20:20:26 IST" name="Default suite" finished-at="2022-03-21T20:20:41 IST" duration-ms="15003">
    <groups>
    </groups>
    <test started-at="2022-03-21T20:20:26 IST" name="Default test" finished-at="2022-03-21T20:20:41 IST" duration-ms="15003">
      <class name="SelPkg.LoginTest">
        <test-method is-config="true" signature="setup()[pri:0, instance:SelPkg.LoginTest@4d5b6aac]" started-at="2022-03-21T20:20:26 IST" name="setup" finished-at="2022-03-21T20:20:28 IST" duration-ms="1404" status="PASS">
          <reporter-output>
          </reporter-output>
        </test-method> <!-- setup -->
        <test-method signature="LoginTests()[pri:0, instance:SelPkg.LoginTest@4d5b6aac]" started-at="2022-03-21T20:20:28 IST" name="LoginTests" finished-at="2022-03-21T20:20:41 IST" duration-ms="13255" status="PASS">
          <reporter-output>
          </reporter-output>
        </test-method> <!-- LoginTests -->
        <test-method is-config="true" signature="TearDown()[pri:0, instance:SelPkg.LoginTest@4d5b6aac]" started-at="2022-03-21T20:20:41 IST" name="TearDown" finished-at="2022-03-21T20:20:41 IST" duration-ms="317" status="PASS">
          <reporter-output>
          </reporter-output>
        </test-method> <!-- TearDown -->
      </class> <!-- SelPkg.LoginTest -->
    </test> <!-- Default test -->
  </suite> <!-- Default suite -->
</testng-results>
