<?xml version="1.0" encoding="UTF-8"?>
<testng-results ignored="0" total="2" passed="2" failed="0" skipped="0">
  <reporter-output>
  </reporter-output>
  <suite started-at="2022-04-29T09:13:40 IST" name="Suite1" finished-at="2022-04-29T09:14:06 IST" duration-ms="26160">
    <groups>
    </groups>
    <test started-at="2022-04-29T09:13:40 IST" name="RegressionLogin" finished-at="2022-04-29T09:13:54 IST" duration-ms="13566">
      <class name="TestClass.TestUserRegisration">
        <test-method is-config="true" signature="setup()[pri:0, instance:TestClass.TestUserRegisration@18d87d80]" started-at="2022-04-29T09:13:40 IST" name="setup" finished-at="2022-04-29T09:13:46 IST" duration-ms="6007" status="PASS">
          <reporter-output>
          </reporter-output>
        </test-method> <!-- setup -->
        <test-method signature="test_Page_Title_Appear_Correctly()[pri:0, instance:TestClass.TestUserRegisration@18d87d80]" started-at="2022-04-29T09:13:46 IST" name="test_Page_Title_Appear_Correctly" finished-at="2022-04-29T09:13:53 IST" duration-ms="7156" status="PASS">
          <reporter-output>
          </reporter-output>
        </test-method> <!-- test_Page_Title_Appear_Correctly -->
        <test-method is-config="true" signature="tearDown()[pri:0, instance:TestClass.TestUserRegisration@18d87d80]" started-at="2022-04-29T09:13:53 IST" name="tearDown" finished-at="2022-04-29T09:13:54 IST" duration-ms="374" status="PASS">
          <reporter-output>
          </reporter-output>
        </test-method> <!-- tearDown -->
      </class> <!-- TestClass.TestUserRegisration -->
    </test> <!-- RegressionLogin -->
    <test started-at="2022-04-29T09:13:54 IST" name="RegressionLogin2" finished-at="2022-04-29T09:14:06 IST" duration-ms="12548">
      <class name="TestClass.TestUserLogin">
        <test-method is-config="true" signature="setup()[pri:0, instance:TestClass.TestUserLogin@4b8ee4de]" started-at="2022-04-29T09:13:54 IST" name="setup" finished-at="2022-04-29T09:14:03 IST" duration-ms="8699" status="PASS">
          <reporter-output>
          </reporter-output>
        </test-method> <!-- setup -->
        <test-method signature="test_Login()[pri:0, instance:TestClass.TestUserLogin@4b8ee4de]" started-at="2022-04-29T09:14:03 IST" name="test_Login" finished-at="2022-04-29T09:14:06 IST" duration-ms="3477" status="PASS">
          <reporter-output>
          </reporter-output>
        </test-method> <!-- test_Login -->
        <test-method is-config="true" signature="tearDown()[pri:0, instance:TestClass.TestUserLogin@4b8ee4de]" started-at="2022-04-29T09:14:06 IST" name="tearDown" finished-at="2022-04-29T09:14:06 IST" duration-ms="368" status="PASS">
          <reporter-output>
          </reporter-output>
        </test-method> <!-- tearDown -->
      </class> <!-- TestClass.TestUserLogin -->
    </test> <!-- RegressionLogin2 -->
  </suite> <!-- Suite1 -->
</testng-results>
