<?xml version="1.0" encoding="UTF-8"?>
<testng-results ignored="0" total="1" passed="1" failed="0" skipped="0">
  <reporter-output>
  </reporter-output>
  <suite started-at="2022-04-22T21:58:24 IST" name="Default suite" finished-at="2022-04-22T21:58:41 IST" duration-ms="17035">
    <groups>
    </groups>
    <test started-at="2022-04-22T21:58:24 IST" name="Default test" finished-at="2022-04-22T21:58:41 IST" duration-ms="17035">
      <class name="TestClass.TestUserRegisration">
        <test-method is-config="true" signature="setup()[pri:0, instance:TestClass.TestUserRegisration@4229bb3f]" started-at="2022-04-22T21:58:24 IST" name="setup" finished-at="2022-04-22T21:58:35 IST" duration-ms="11087" status="PASS">
          <reporter-output>
          </reporter-output>
        </test-method> <!-- setup -->
        <test-method signature="test_Page_Title_Appear_Correctly()[pri:0, instance:TestClass.TestUserRegisration@4229bb3f]" started-at="2022-04-22T21:58:35 IST" name="test_Page_Title_Appear_Correctly" finished-at="2022-04-22T21:58:41 IST" duration-ms="5919" status="PASS">
          <reporter-output>
          </reporter-output>
        </test-method> <!-- test_Page_Title_Appear_Correctly -->
      </class> <!-- TestClass.TestUserRegisration -->
    </test> <!-- Default test -->
  </suite> <!-- Default suite -->
</testng-results>
