<?xml version="1.0" encoding="UTF-8"?>
<testng-results ignored="0" total="1" passed="1" failed="0" skipped="0">
  <reporter-output>
  </reporter-output>
  <suite started-at="2022-04-18T21:03:33 IST" name="Default suite" finished-at="2022-04-18T21:03:45 IST" duration-ms="12053">
    <groups>
    </groups>
    <test started-at="2022-04-18T21:03:33 IST" name="Default test" finished-at="2022-04-18T21:03:45 IST" duration-ms="12053">
      <class name="TestClasses.UserLogin">
        <test-method is-config="true" signature="setup()[pri:0, instance:TestClasses.UserLogin@fa49800]" started-at="2022-04-18T21:03:33 IST" name="setup" finished-at="2022-04-18T21:03:41 IST" duration-ms="8329" status="PASS">
          <reporter-output>
          </reporter-output>
        </test-method> <!-- setup -->
        <test-method signature="test_Login()[pri:0, instance:TestClasses.UserLogin@fa49800]" started-at="2022-04-18T21:03:41 IST" name="test_Login" finished-at="2022-04-18T21:03:44 IST" duration-ms="3400" status="PASS">
          <reporter-output>
          </reporter-output>
        </test-method> <!-- test_Login -->
        <test-method is-config="true" signature="TearDown()[pri:0, instance:TestClasses.UserLogin@fa49800]" started-at="2022-04-18T21:03:44 IST" name="TearDown" finished-at="2022-04-18T21:03:45 IST" duration-ms="299" status="PASS">
          <reporter-output>
          </reporter-output>
        </test-method> <!-- TearDown -->
      </class> <!-- TestClasses.UserLogin -->
    </test> <!-- Default test -->
  </suite> <!-- Default suite -->
</testng-results>
