<?xml version="1.0" encoding="UTF-8"?>
<testng-results ignored="0" total="2" passed="2" failed="0" skipped="0">
  <reporter-output>
  </reporter-output>
  <suite started-at="2022-04-29T10:35:12 IST" name="Suite1" finished-at="2022-04-29T10:35:34 IST" duration-ms="22759">
    <groups>
    </groups>
    <test started-at="2022-04-29T10:35:12 IST" name="RegressionLogin" finished-at="2022-04-29T10:35:25 IST" duration-ms="13405">
      <class name="TestClass.TestUserRegisration">
        <test-method is-config="true" signature="setup()[pri:0, instance:TestClass.TestUserRegisration@e15b7e8]" started-at="2022-04-29T10:35:12 IST" name="setup" finished-at="2022-04-29T10:35:19 IST" duration-ms="6656" status="PASS">
          <reporter-output>
          </reporter-output>
        </test-method> <!-- setup -->
        <test-method signature="test_Page_Title_Appear_Correctly()[pri:0, instance:TestClass.TestUserRegisration@e15b7e8]" started-at="2022-04-29T10:35:19 IST" name="test_Page_Title_Appear_Correctly" finished-at="2022-04-29T10:35:25 IST" duration-ms="6179" status="PASS">
          <reporter-output>
          </reporter-output>
        </test-method> <!-- test_Page_Title_Appear_Correctly -->
        <test-method is-config="true" signature="tearDown()[pri:0, instance:TestClass.TestUserRegisration@e15b7e8]" started-at="2022-04-29T10:35:25 IST" name="tearDown" finished-at="2022-04-29T10:35:25 IST" duration-ms="319" status="PASS">
          <reporter-output>
          </reporter-output>
        </test-method> <!-- tearDown -->
      </class> <!-- TestClass.TestUserRegisration -->
    </test> <!-- RegressionLogin -->
    <test started-at="2022-04-29T10:35:25 IST" name="RegressionLogin2" finished-at="2022-04-29T10:35:34 IST" duration-ms="9025">
      <class name="TestClass.TestUserLogin">
        <test-method is-config="true" signature="setup()[pri:0, instance:TestClass.TestUserLogin@54e1c68b]" started-at="2022-04-29T10:35:25 IST" name="setup" finished-at="2022-04-29T10:35:31 IST" duration-ms="5135" status="PASS">
          <reporter-output>
          </reporter-output>
        </test-method> <!-- setup -->
        <test-method signature="test_Login()[pri:0, instance:TestClass.TestUserLogin@54e1c68b]" started-at="2022-04-29T10:35:31 IST" name="test_Login" finished-at="2022-04-29T10:35:34 IST" duration-ms="3465" status="PASS">
          <reporter-output>
          </reporter-output>
        </test-method> <!-- test_Login -->
        <test-method is-config="true" signature="tearDown()[pri:0, instance:TestClass.TestUserLogin@54e1c68b]" started-at="2022-04-29T10:35:34 IST" name="tearDown" finished-at="2022-04-29T10:35:34 IST" duration-ms="423" status="PASS">
          <reporter-output>
          </reporter-output>
        </test-method> <!-- tearDown -->
      </class> <!-- TestClass.TestUserLogin -->
    </test> <!-- RegressionLogin2 -->
  </suite> <!-- Suite1 -->
</testng-results>
