<?xml version="1.0" encoding="UTF-8"?>
<testng-results ignored="0" total="1" passed="1" failed="0" skipped="0">
  <reporter-output>
  </reporter-output>
  <suite started-at="2022-04-11T12:56:16 IST" name="Default suite" finished-at="2022-04-11T12:56:24 IST" duration-ms="7731">
    <groups>
    </groups>
    <test started-at="2022-04-11T12:56:16 IST" name="Default test" finished-at="2022-04-11T12:56:24 IST" duration-ms="7731">
      <class name="TestCases.LoginWithValidCredentials">
        <test-method is-config="true" signature="setUp()[pri:0, instance:TestCases.LoginWithValidCredentials@49c7b90e]" started-at="2022-04-11T12:56:16 IST" name="setUp" finished-at="2022-04-11T12:56:18 IST" duration-ms="1436" status="PASS">
          <reporter-output>
          </reporter-output>
        </test-method> <!-- setUp -->
        <test-method signature="login()[pri:0, instance:TestCases.LoginWithValidCredentials@49c7b90e]" started-at="2022-04-11T12:56:18 IST" name="login" finished-at="2022-04-11T12:56:24 IST" duration-ms="6268" status="PASS">
          <reporter-output>
          </reporter-output>
        </test-method> <!-- login -->
      </class> <!-- TestCases.LoginWithValidCredentials -->
    </test> <!-- Default test -->
  </suite> <!-- Default suite -->
</testng-results>
